2014-12-29 21:02:08,793 INFO o.LocalThumbnail [main] path=path=d:\temp
2014-12-29 21:02:08,817 INFO o.LocalThumbnail [main] start selectCover:path=d:\temp
2014-12-29 21:02:23,110 INFO o.LocalThumbnail [main] path=d:\temp
2014-12-29 21:02:23,112 INFO o.LocalThumbnail [main] Dir==>d:\temp\origin
2014-12-29 21:02:23,112 INFO o.LocalThumbnail [main] Dir==>d:\temp\origin\魅力女神
2014-12-29 21:02:23,113 INFO o.LocalThumbnail [main] Dir==>d:\temp\origin\魅力女神\爱丽
2014-12-29 21:02:23,113 INFO o.LocalThumbnail [main] file==>d:\temp\origin\魅力女神\爱丽\005.jpg
2014-12-29 21:02:23,357 INFO o.LocalThumbnail [main] file==>d:\temp\origin\魅力女神\爱丽\660A0310.jpg
2014-12-29 21:02:23,358 INFO o.LocalThumbnail [main] file==>d:\temp\origin\魅力女神\爱丽\660A03918.jpg
2014-12-29 21:02:23,359 INFO o.LocalThumbnail [main] file==>d:\temp\origin\魅力女神\爱丽\660A0395.jpg
2014-12-29 21:02:23,360 INFO o.LocalThumbnail [main] file==>d:\temp\origin\魅力女神\爱丽\660A0401.jpg
2014-12-29 21:02:23,361 INFO o.LocalThumbnail [main] file==>d:\temp\origin\魅力女神\爱丽\660A0404.jpg
2014-12-29 21:02:23,362 INFO o.LocalThumbnail [main] file==>d:\temp\origin\魅力女神\爱丽\660A0405.jpg
2014-12-29 21:02:23,363 INFO o.LocalThumbnail [main] file==>d:\temp\origin\魅力女神\爱丽\660A0407.jpg
2014-12-29 21:02:23,364 INFO o.LocalThumbnail [main] file==>d:\temp\origin\魅力女神\爱丽\660A0410.jpg
2014-12-29 21:02:23,365 INFO o.LocalThumbnail [main] file==>d:\temp\origin\魅力女神\爱丽\660A0742.jpg
2014-12-29 21:02:23,366 INFO o.LocalThumbnail [main] file==>d:\temp\origin\魅力女神\爱丽\660A0745.jpg
2014-12-29 21:02:23,367 INFO o.LocalThumbnail [main] file==>d:\temp\origin\魅力女神\爱丽\660A0748.jpg
2014-12-29 21:02:23,368 INFO o.LocalThumbnail [main] file==>d:\temp\origin\魅力女神\爱丽\660A0750.jpg
2014-12-29 21:02:23,369 INFO o.LocalThumbnail [main] file==>d:\temp\origin\魅力女神\爱丽\660A0758.jpg
2014-12-29 21:02:23,370 INFO o.LocalThumbnail [main] file==>d:\temp\origin\魅力女神\爱丽\660A0759.jpg
2014-12-29 21:02:23,371 INFO o.LocalThumbnail [main] file==>d:\temp\origin\魅力女神\爱丽\660A0760.jpg
2014-12-29 21:02:23,373 INFO o.LocalThumbnail [main] file==>d:\temp\origin\魅力女神\爱丽\660A0766.jpg
2014-12-29 21:02:23,374 INFO o.LocalThumbnail [main] file==>d:\temp\origin\魅力女神\爱丽\660A0775.jpg
2014-12-29 21:02:23,377 INFO o.LocalThumbnail [main] file==>d:\temp\origin\魅力女神\爱丽\cover.jpg
2014-12-29 21:02:23,378 INFO o.LocalThumbnail [main] start selectCover:d:\temp
2014-12-29 21:02:23,388 INFO o.LocalThumbnail [main] d:\temp\origin\魅力女神\爱丽 has cover, skipped
2014-12-29 21:02:23,388 INFO o.LocalThumbnail [main] start originalthumb:d:\temp
2014-12-29 21:02:23,401 INFO o.LocalThumbnail [main] start bigthumb:d:\temp
2014-12-29 21:02:24,194 INFO o.LocalThumbnail [main] bigthumb:d:\temp\origin\魅力女神\爱丽\original\1ftul678.jpg:0.47:1
2014-12-29 21:02:24,341 INFO o.LocalThumbnail [main] bigthumb:d:\temp\origin\魅力女神\爱丽\original\2eglvcza.jpg:0.62:1
2014-12-29 21:02:24,462 INFO o.LocalThumbnail [main] bigthumb:d:\temp\origin\魅力女神\爱丽\original\2ryk9urr.jpg:0.59:1
2014-12-29 21:02:24,724 INFO o.LocalThumbnail [main] bigthumb:d:\temp\origin\魅力女神\爱丽\original\4246cgt6.jpg:0.71:2
2014-12-29 21:02:24,831 INFO o.LocalThumbnail [main] bigthumb:d:\temp\origin\魅力女神\爱丽\original\4d8vsoyq.jpg:0.54:1
2014-12-29 21:02:25,364 INFO o.LocalThumbnail [main] bigthumb:d:\temp\origin\魅力女神\爱丽\original\bbmcglcv.jpg:0.44:4
2014-12-29 21:02:25,365 INFO o.LocalThumbnail [main] filelength=:0,deleting
2014-12-29 21:02:25,627 INFO o.LocalThumbnail [main] bigthumb:d:\temp\origin\魅力女神\爱丽\original\f11owzsw.jpg:0.68:2
2014-12-29 21:02:25,744 INFO o.LocalThumbnail [main] bigthumb:d:\temp\origin\魅力女神\爱丽\original\fmwazdl1.jpg:0.65:1
2014-12-29 21:02:25,876 INFO o.LocalThumbnail [main] bigthumb:d:\temp\origin\魅力女神\爱丽\original\gjzpvtj1.jpg:0.60:1
2014-12-29 21:02:25,984 INFO o.LocalThumbnail [main] bigthumb:d:\temp\origin\魅力女神\爱丽\original\gmt1jqvf.jpg:0.59:1
2014-12-29 21:02:26,099 INFO o.LocalThumbnail [main] bigthumb:d:\temp\origin\魅力女神\爱丽\original\hiqx8mss.jpg:0.65:1
2014-12-29 21:02:26,220 INFO o.LocalThumbnail [main] bigthumb:d:\temp\origin\魅力女神\爱丽\original\ldtavghu.jpg:0.55:1
2014-12-29 21:02:26,337 INFO o.LocalThumbnail [main] bigthumb:d:\temp\origin\魅力女神\爱丽\original\lowulauc.jpg:0.67:1
2014-12-29 21:02:26,441 INFO o.LocalThumbnail [main] bigthumb:d:\temp\origin\魅力女神\爱丽\original\n9ayc6lq.jpg:0.51:1
2014-12-29 21:02:26,958 INFO o.LocalThumbnail [main] bigthumb:d:\temp\origin\魅力女神\爱丽\original\omlsrlcr.jpg:0.45:4
2014-12-29 21:02:27,112 INFO o.LocalThumbnail [main] bigthumb:d:\temp\origin\魅力女神\爱丽\original\pb9yubaz.jpg:0.50:1
2014-12-29 21:02:27,222 INFO o.LocalThumbnail [main] bigthumb:d:\temp\origin\魅力女神\爱丽\original\rm6c7n82.jpg:0.59:1
2014-12-29 21:02:27,329 INFO o.LocalThumbnail [main] bigthumb:d:\temp\origin\魅力女神\爱丽\original\zstx71gc.jpg:0.54:1
2014-12-29 21:02:27,330 INFO o.LocalThumbnail [main] start smallthumb:d:\temp
2014-12-29 21:02:27,554 INFO o.LocalThumbnail [main] smallthumbd:\temp\origin\魅力女神\爱丽\original\1ftul678.jpg:0.18:2
2014-12-29 21:02:27,728 INFO o.LocalThumbnail [main] smallthumbd:\temp\origin\魅力女神\爱丽\original\2eglvcza.jpg:0.21:1
2014-12-29 21:02:27,867 INFO o.LocalThumbnail [main] smallthumbd:\temp\origin\魅力女神\爱丽\original\2ryk9urr.jpg:0.21:1
2014-12-29 21:02:28,334 INFO o.LocalThumbnail [main] smallthumbd:\temp\origin\魅力女神\爱丽\original\4246cgt6.jpg:0.21:4
2014-12-29 21:02:28,458 INFO o.LocalThumbnail [main] smallthumbd:\temp\origin\魅力女神\爱丽\original\4d8vsoyq.jpg:0.18:1
2014-12-29 21:02:28,879 INFO o.LocalThumbnail [main] smallthumbd:\temp\origin\魅力女神\爱丽\original\bbmcglcv.jpg:0.18:4
2014-12-29 21:02:29,124 INFO o.LocalThumbnail [main] smallthumbd:\temp\origin\魅力女神\爱丽\original\f11owzsw.jpg:0.22:2
2014-12-29 21:02:29,257 INFO o.LocalThumbnail [main] smallthumbd:\temp\origin\魅力女神\爱丽\original\fmwazdl1.jpg:0.22:1
2014-12-29 21:02:29,492 INFO o.LocalThumbnail [main] smallthumbd:\temp\origin\魅力女神\爱丽\original\gjzpvtj1.jpg:0.19:2
2014-12-29 21:02:29,721 INFO o.LocalThumbnail [main] smallthumbd:\temp\origin\魅力女神\爱丽\original\gmt1jqvf.jpg:0.18:2
2014-12-29 21:02:30,074 INFO o.LocalThumbnail [main] smallthumbd:\temp\origin\魅力女神\爱丽\original\hiqx8mss.jpg:0.20:3
2014-12-29 21:02:30,195 INFO o.LocalThumbnail [main] smallthumbd:\temp\origin\魅力女神\爱丽\original\ldtavghu.jpg:0.20:1
2014-12-29 21:02:30,551 INFO o.LocalThumbnail [main] smallthumbd:\temp\origin\魅力女神\爱丽\original\lowulauc.jpg:0.20:3
2014-12-29 21:02:30,667 INFO o.LocalThumbnail [main] smallthumbd:\temp\origin\魅力女神\爱丽\original\n9ayc6lq.jpg:0.18:1
2014-12-29 21:02:30,978 INFO o.LocalThumbnail [main] smallthumbd:\temp\origin\魅力女神\爱丽\original\omlsrlcr.jpg:0.17:3
2014-12-29 21:02:31,091 INFO o.LocalThumbnail [main] smallthumbd:\temp\origin\魅力女神\爱丽\original\pb9yubaz.jpg:0.18:1
2014-12-29 21:02:31,209 INFO o.LocalThumbnail [main] smallthumbd:\temp\origin\魅力女神\爱丽\original\rm6c7n82.jpg:0.19:1
2014-12-29 21:02:31,324 INFO o.LocalThumbnail [main] smallthumbd:\temp\origin\魅力女神\爱丽\original\zstx71gc.jpg:0.19:1
2014-12-29 22:34:18,912 INFO o.LocalThumbnail [main] path=d:\temp
2014-12-29 22:34:19,151 INFO o.LocalThumbnail [main] d:\temp\origin\魅力女神\爱丽\bigthumb\1ftul678.jpg==>d:\temp\origin\魅力女神\爱丽\bigthumb\jlVYFRzO.jpg
2014-12-29 22:34:19,161 INFO o.LocalThumbnail [main] d:\temp\origin\魅力女神\爱丽\bigthumb\2eglvcza.jpg==>d:\temp\origin\魅力女神\爱丽\bigthumb\ZTbbSZwk.jpg
2014-12-29 22:34:19,163 INFO o.LocalThumbnail [main] d:\temp\origin\魅力女神\爱丽\bigthumb\2ryk9urr.jpg==>d:\temp\origin\魅力女神\爱丽\bigthumb\BMQOGCNh.jpg
2014-12-29 22:34:19,167 INFO o.LocalThumbnail [main] d:\temp\origin\魅力女神\爱丽\bigthumb\4246cgt6.jpg==>d:\temp\origin\魅力女神\爱丽\bigthumb\TjHgqy9u.jpg
2014-12-29 22:34:19,168 INFO o.LocalThumbnail [main] d:\temp\origin\魅力女神\爱丽\bigthumb\4d8vsoyq.jpg==>d:\temp\origin\魅力女神\爱丽\bigthumb\ahvyqa9f.jpg
2014-12-29 22:34:19,169 INFO o.LocalThumbnail [main] d:\temp\origin\魅力女神\爱丽\bigthumb\bbmcglcv.jpg==>d:\temp\origin\魅力女神\爱丽\bigthumb\e5zmyst4.jpg
2014-12-29 22:34:19,170 INFO o.LocalThumbnail [main] d:\temp\origin\魅力女神\爱丽\bigthumb\f11owzsw.jpg==>d:\temp\origin\魅力女神\爱丽\bigthumb\UXPvFztr.jpg
2014-12-29 22:34:19,171 INFO o.LocalThumbnail [main] d:\temp\origin\魅力女神\爱丽\bigthumb\fmwazdl1.jpg==>d:\temp\origin\魅力女神\爱丽\bigthumb\PR64eIKH.jpg
2014-12-29 22:34:19,172 INFO o.LocalThumbnail [main] d:\temp\origin\魅力女神\爱丽\bigthumb\gjzpvtj1.jpg==>d:\temp\origin\魅力女神\爱丽\bigthumb\RaMqZpKk.jpg
2014-12-29 22:34:19,173 INFO o.LocalThumbnail [main] d:\temp\origin\魅力女神\爱丽\bigthumb\gmt1jqvf.jpg==>d:\temp\origin\魅力女神\爱丽\bigthumb\n56K3iWq.jpg
2014-12-29 22:34:19,174 INFO o.LocalThumbnail [main] d:\temp\origin\魅力女神\爱丽\bigthumb\hiqx8mss.jpg==>d:\temp\origin\魅力女神\爱丽\bigthumb\7eNyem4V.jpg
2014-12-29 22:34:19,175 INFO o.LocalThumbnail [main] d:\temp\origin\魅力女神\爱丽\bigthumb\ldtavghu.jpg==>d:\temp\origin\魅力女神\爱丽\bigthumb\NlxhqmlR.jpg
2014-12-29 22:34:19,176 INFO o.LocalThumbnail [main] d:\temp\origin\魅力女神\爱丽\bigthumb\lowulauc.jpg==>d:\temp\origin\魅力女神\爱丽\bigthumb\hqpc2FFs.jpg
2014-12-29 22:34:19,177 INFO o.LocalThumbnail [main] d:\temp\origin\魅力女神\爱丽\bigthumb\n9ayc6lq.jpg==>d:\temp\origin\魅力女神\爱丽\bigthumb\Ga5jAoNV.jpg
2014-12-29 22:34:19,178 INFO o.LocalThumbnail [main] d:\temp\origin\魅力女神\爱丽\bigthumb\omlsrlcr.jpg==>d:\temp\origin\魅力女神\爱丽\bigthumb\ZNRkX9k1.jpg
2014-12-29 22:34:19,179 INFO o.LocalThumbnail [main] d:\temp\origin\魅力女神\爱丽\bigthumb\pb9yubaz.jpg==>d:\temp\origin\魅力女神\爱丽\bigthumb\H7z8DNlO.jpg
2014-12-29 22:34:19,180 INFO o.LocalThumbnail [main] d:\temp\origin\魅力女神\爱丽\bigthumb\rm6c7n82.jpg==>d:\temp\origin\魅力女神\爱丽\bigthumb\OQngqzL8.jpg
2014-12-29 22:34:19,181 INFO o.LocalThumbnail [main] d:\temp\origin\魅力女神\爱丽\bigthumb\zstx71gc.jpg==>d:\temp\origin\魅力女神\爱丽\bigthumb\kCBEK80V.jpg
2014-12-29 22:34:19,182 INFO o.LocalThumbnail [main] d:\temp\origin\魅力女神\爱丽\filterthumb\1ftul678.jpg==>d:\temp\origin\魅力女神\爱丽\filterthumb\3Hdx8ETh.jpg
2014-12-29 22:34:19,183 INFO o.LocalThumbnail [main] d:\temp\origin\魅力女神\爱丽\filterthumb\2eglvcza.jpg==>d:\temp\origin\魅力女神\爱丽\filterthumb\5rs16xKd.jpg
2014-12-29 22:34:19,185 INFO o.LocalThumbnail [main] d:\temp\origin\魅力女神\爱丽\filterthumb\2ryk9urr.jpg==>d:\temp\origin\魅力女神\爱丽\filterthumb\oX5l0uwS.jpg
2014-12-29 22:34:19,186 INFO o.LocalThumbnail [main] d:\temp\origin\魅力女神\爱丽\filterthumb\4246cgt6.jpg==>d:\temp\origin\魅力女神\爱丽\filterthumb\rP2SzC0V.jpg
2014-12-29 22:34:19,187 INFO o.LocalThumbnail [main] d:\temp\origin\魅力女神\爱丽\filterthumb\4d8vsoyq.jpg==>d:\temp\origin\魅力女神\爱丽\filterthumb\ErRsBefr.jpg
2014-12-29 22:34:19,187 INFO o.LocalThumbnail [main] d:\temp\origin\魅力女神\爱丽\filterthumb\bbmcglcv.jpg==>d:\temp\origin\魅力女神\爱丽\filterthumb\8GNueI1J.jpg
2014-12-29 22:34:19,188 INFO o.LocalThumbnail [main] d:\temp\origin\魅力女神\爱丽\filterthumb\f11owzsw.jpg==>d:\temp\origin\魅力女神\爱丽\filterthumb\KzKaNf7w.jpg
2014-12-29 22:34:19,189 INFO o.LocalThumbnail [main] d:\temp\origin\魅力女神\爱丽\filterthumb\fmwazdl1.jpg==>d:\temp\origin\魅力女神\爱丽\filterthumb\zUVqgtqB.jpg
2014-12-29 22:34:19,190 INFO o.LocalThumbnail [main] d:\temp\origin\魅力女神\爱丽\filterthumb\gjzpvtj1.jpg==>d:\temp\origin\魅力女神\爱丽\filterthumb\8F4eCxcH.jpg
2014-12-29 22:34:19,191 INFO o.LocalThumbnail [main] d:\temp\origin\魅力女神\爱丽\filterthumb\gmt1jqvf.jpg==>d:\temp\origin\魅力女神\爱丽\filterthumb\TLdQ69AR.jpg
2014-12-29 22:34:19,192 INFO o.LocalThumbnail [main] d:\temp\origin\魅力女神\爱丽\filterthumb\hiqx8mss.jpg==>d:\temp\origin\魅力女神\爱丽\filterthumb\BkaQvQa3.jpg
2014-12-29 22:34:19,194 INFO o.LocalThumbnail [main] d:\temp\origin\魅力女神\爱丽\filterthumb\ldtavghu.jpg==>d:\temp\origin\魅力女神\爱丽\filterthumb\TWKZwPgI.jpg
2014-12-29 22:34:19,195 INFO o.LocalThumbnail [main] d:\temp\origin\魅力女神\爱丽\filterthumb\lowulauc.jpg==>d:\temp\origin\魅力女神\爱丽\filterthumb\bM4l8HaP.jpg
2014-12-29 22:34:19,196 INFO o.LocalThumbnail [main] d:\temp\origin\魅力女神\爱丽\filterthumb\n9ayc6lq.jpg==>d:\temp\origin\魅力女神\爱丽\filterthumb\PgyxfWxr.jpg
2014-12-29 22:34:19,197 INFO o.LocalThumbnail [main] d:\temp\origin\魅力女神\爱丽\filterthumb\omlsrlcr.jpg==>d:\temp\origin\魅力女神\爱丽\filterthumb\emW402th.jpg
2014-12-29 22:34:19,198 INFO o.LocalThumbnail [main] d:\temp\origin\魅力女神\爱丽\filterthumb\pb9yubaz.jpg==>d:\temp\origin\魅力女神\爱丽\filterthumb\JsdTP1Aa.jpg
2014-12-29 22:34:19,199 INFO o.LocalThumbnail [main] d:\temp\origin\魅力女神\爱丽\filterthumb\rm6c7n82.jpg==>d:\temp\origin\魅力女神\爱丽\filterthumb\IeKiCRRz.jpg
2014-12-29 22:34:19,200 INFO o.LocalThumbnail [main] d:\temp\origin\魅力女神\爱丽\filterthumb\zstx71gc.jpg==>d:\temp\origin\魅力女神\爱丽\filterthumb\zaG83rVL.jpg
2014-12-29 22:34:19,201 INFO o.LocalThumbnail [main] d:\temp\origin\魅力女神\爱丽\original\1ftul678.jpg==>d:\temp\origin\魅力女神\爱丽\original\foGzVAtl.jpg
2014-12-29 22:34:19,202 INFO o.LocalThumbnail [main] d:\temp\origin\魅力女神\爱丽\original\2eglvcza.jpg==>d:\temp\origin\魅力女神\爱丽\original\hhYjMwzi.jpg
2014-12-29 22:34:19,203 INFO o.LocalThumbnail [main] d:\temp\origin\魅力女神\爱丽\original\2ryk9urr.jpg==>d:\temp\origin\魅力女神\爱丽\original\JVfQ6Sn9.jpg
2014-12-29 22:34:19,204 INFO o.LocalThumbnail [main] d:\temp\origin\魅力女神\爱丽\original\4246cgt6.jpg==>d:\temp\origin\魅力女神\爱丽\original\Z1o6nFQq.jpg
2014-12-29 22:34:19,205 INFO o.LocalThumbnail [main] d:\temp\origin\魅力女神\爱丽\original\4d8vsoyq.jpg==>d:\temp\origin\魅力女神\爱丽\original\TIMyezdT.jpg
2014-12-29 22:34:19,206 INFO o.LocalThumbnail [main] d:\temp\origin\魅力女神\爱丽\original\bbmcglcv.jpg==>d:\temp\origin\魅力女神\爱丽\original\iAYqlfQt.jpg
2014-12-29 22:34:19,207 INFO o.LocalThumbnail [main] d:\temp\origin\魅力女神\爱丽\original\f11owzsw.jpg==>d:\temp\origin\魅力女神\爱丽\original\PuhFDhGS.jpg
2014-12-29 22:34:19,207 INFO o.LocalThumbnail [main] d:\temp\origin\魅力女神\爱丽\original\fmwazdl1.jpg==>d:\temp\origin\魅力女神\爱丽\original\n6X0NapX.jpg
2014-12-29 22:34:19,208 INFO o.LocalThumbnail [main] d:\temp\origin\魅力女神\爱丽\original\gjzpvtj1.jpg==>d:\temp\origin\魅力女神\爱丽\original\guA8xllv.jpg
2014-12-29 22:34:19,210 INFO o.LocalThumbnail [main] d:\temp\origin\魅力女神\爱丽\original\gmt1jqvf.jpg==>d:\temp\origin\魅力女神\爱丽\original\5QgA0mYn.jpg
2014-12-29 22:34:19,211 INFO o.LocalThumbnail [main] d:\temp\origin\魅力女神\爱丽\original\hiqx8mss.jpg==>d:\temp\origin\魅力女神\爱丽\original\aw9yc92S.jpg
2014-12-29 22:34:19,212 INFO o.LocalThumbnail [main] d:\temp\origin\魅力女神\爱丽\original\ldtavghu.jpg==>d:\temp\origin\魅力女神\爱丽\original\dYL4uPSJ.jpg
2014-12-29 22:34:19,213 INFO o.LocalThumbnail [main] d:\temp\origin\魅力女神\爱丽\original\lowulauc.jpg==>d:\temp\origin\魅力女神\爱丽\original\SwMO45Sh.jpg
2014-12-29 22:34:19,213 INFO o.LocalThumbnail [main] d:\temp\origin\魅力女神\爱丽\original\n9ayc6lq.jpg==>d:\temp\origin\魅力女神\爱丽\original\K3XWbbta.jpg
2014-12-29 22:34:19,214 INFO o.LocalThumbnail [main] d:\temp\origin\魅力女神\爱丽\original\omlsrlcr.jpg==>d:\temp\origin\魅力女神\爱丽\original\5Ei2YHyx.jpg
2014-12-29 22:34:19,215 INFO o.LocalThumbnail [main] d:\temp\origin\魅力女神\爱丽\original\pb9yubaz.jpg==>d:\temp\origin\魅力女神\爱丽\original\EqXw8ULf.jpg
2014-12-29 22:34:19,218 INFO o.LocalThumbnail [main] d:\temp\origin\魅力女神\爱丽\original\rm6c7n82.jpg==>d:\temp\origin\魅力女神\爱丽\original\JU2UoGLB.jpg
2014-12-29 22:34:19,219 INFO o.LocalThumbnail [main] d:\temp\origin\魅力女神\爱丽\original\zstx71gc.jpg==>d:\temp\origin\魅力女神\爱丽\original\Mb58zPmd.jpg
2014-12-29 22:34:19,220 INFO o.LocalThumbnail [main] d:\temp\origin\魅力女神\爱丽\smallthumb\1ftul678.jpg==>d:\temp\origin\魅力女神\爱丽\smallthumb\zrSeBlMn.jpg
2014-12-29 22:34:19,221 INFO o.LocalThumbnail [main] d:\temp\origin\魅力女神\爱丽\smallthumb\2eglvcza.jpg==>d:\temp\origin\魅力女神\爱丽\smallthumb\tyjdxgBf.jpg
2014-12-29 22:34:19,222 INFO o.LocalThumbnail [main] d:\temp\origin\魅力女神\爱丽\smallthumb\2ryk9urr.jpg==>d:\temp\origin\魅力女神\爱丽\smallthumb\U9SXnafU.jpg
2014-12-29 22:34:19,223 INFO o.LocalThumbnail [main] d:\temp\origin\魅力女神\爱丽\smallthumb\4246cgt6.jpg==>d:\temp\origin\魅力女神\爱丽\smallthumb\TbnYp7yN.jpg
2014-12-29 22:34:19,225 INFO o.LocalThumbnail [main] d:\temp\origin\魅力女神\爱丽\smallthumb\4d8vsoyq.jpg==>d:\temp\origin\魅力女神\爱丽\smallthumb\ADjnjhNs.jpg
2014-12-29 22:34:19,226 INFO o.LocalThumbnail [main] d:\temp\origin\魅力女神\爱丽\smallthumb\bbmcglcv.jpg==>d:\temp\origin\魅力女神\爱丽\smallthumb\9vgLk9iH.jpg
2014-12-29 22:34:19,227 INFO o.LocalThumbnail [main] d:\temp\origin\魅力女神\爱丽\smallthumb\f11owzsw.jpg==>d:\temp\origin\魅力女神\爱丽\smallthumb\a7AP4lGr.jpg
2014-12-29 22:34:19,228 INFO o.LocalThumbnail [main] d:\temp\origin\魅力女神\爱丽\smallthumb\fmwazdl1.jpg==>d:\temp\origin\魅力女神\爱丽\smallthumb\n8GjShwa.jpg
2014-12-29 22:34:19,229 INFO o.LocalThumbnail [main] d:\temp\origin\魅力女神\爱丽\smallthumb\gjzpvtj1.jpg==>d:\temp\origin\魅力女神\爱丽\smallthumb\goRD4N20.jpg
2014-12-29 22:34:19,230 INFO o.LocalThumbnail [main] d:\temp\origin\魅力女神\爱丽\smallthumb\gmt1jqvf.jpg==>d:\temp\origin\魅力女神\爱丽\smallthumb\9NCSWR74.jpg
2014-12-29 22:34:19,231 INFO o.LocalThumbnail [main] d:\temp\origin\魅力女神\爱丽\smallthumb\hiqx8mss.jpg==>d:\temp\origin\魅力女神\爱丽\smallthumb\HL02B4b1.jpg
2014-12-29 22:34:19,232 INFO o.LocalThumbnail [main] d:\temp\origin\魅力女神\爱丽\smallthumb\ldtavghu.jpg==>d:\temp\origin\魅力女神\爱丽\smallthumb\DauEDIiP.jpg
2014-12-29 22:34:19,233 INFO o.LocalThumbnail [main] d:\temp\origin\魅力女神\爱丽\smallthumb\lowulauc.jpg==>d:\temp\origin\魅力女神\爱丽\smallthumb\vyvxsST0.jpg
2014-12-29 22:34:19,234 INFO o.LocalThumbnail [main] d:\temp\origin\魅力女神\爱丽\smallthumb\n9ayc6lq.jpg==>d:\temp\origin\魅力女神\爱丽\smallthumb\4WM5qlSl.jpg
2014-12-29 22:34:19,235 INFO o.LocalThumbnail [main] d:\temp\origin\魅力女神\爱丽\smallthumb\omlsrlcr.jpg==>d:\temp\origin\魅力女神\爱丽\smallthumb\W7a5Ey6H.jpg
2014-12-29 22:34:19,236 INFO o.LocalThumbnail [main] d:\temp\origin\魅力女神\爱丽\smallthumb\pb9yubaz.jpg==>d:\temp\origin\魅力女神\爱丽\smallthumb\5Y19Utke.jpg
2014-12-29 22:34:19,237 INFO o.LocalThumbnail [main] d:\temp\origin\魅力女神\爱丽\smallthumb\rm6c7n82.jpg==>d:\temp\origin\魅力女神\爱丽\smallthumb\jPF1z1HP.jpg
2014-12-29 22:34:19,238 INFO o.LocalThumbnail [main] d:\temp\origin\魅力女神\爱丽\smallthumb\zstx71gc.jpg==>d:\temp\origin\魅力女神\爱丽\smallthumb\UOzXoiLu.jpg
2014-12-29 22:34:48,576 INFO o.LocalThumbnail [main] path=d:\temp
2014-12-29 22:34:48,808 INFO o.LocalThumbnail [main] d:\temp\origin\魅力女神\爱丽\bigthumb\1.jpg==>d:\temp\origin\魅力女神\爱丽\bigthumb\JhIzgSGT.jpg
2014-12-29 22:34:48,810 INFO o.LocalThumbnail [main] d:\temp\origin\魅力女神\爱丽\bigthumb\ahvyqa9f.jpg==>d:\temp\origin\魅力女神\爱丽\bigthumb\5sJTfC7e.jpg
2014-12-29 22:34:48,811 INFO o.LocalThumbnail [main] d:\temp\origin\魅力女神\爱丽\bigthumb\BMQOGCNh.jpg==>d:\temp\origin\魅力女神\爱丽\bigthumb\sUMn2fm8.jpg
2014-12-29 22:34:48,812 INFO o.LocalThumbnail [main] d:\temp\origin\魅力女神\爱丽\bigthumb\e5zmyst4.jpg==>d:\temp\origin\魅力女神\爱丽\bigthumb\RDlKrABZ.jpg
2014-12-29 22:34:48,813 INFO o.LocalThumbnail [main] d:\temp\origin\魅力女神\爱丽\bigthumb\Ga5jAoNV.jpg==>d:\temp\origin\魅力女神\爱丽\bigthumb\IiNUahhm.jpg
2014-12-29 22:34:48,814 INFO o.LocalThumbnail [main] d:\temp\origin\魅力女神\爱丽\bigthumb\H7z8DNlO.jpg==>d:\temp\origin\魅力女神\爱丽\bigthumb\Y6950Mzl.jpg
2014-12-29 22:34:48,815 INFO o.LocalThumbnail [main] d:\temp\origin\魅力女神\爱丽\bigthumb\hqpc2FFs.jpg==>d:\temp\origin\魅力女神\爱丽\bigthumb\rR9to9bz.jpg
2014-12-29 22:34:48,816 INFO o.LocalThumbnail [main] d:\temp\origin\魅力女神\爱丽\bigthumb\jlVYFRzO.jpg==>d:\temp\origin\魅力女神\爱丽\bigthumb\XS97SKoo.jpg
2014-12-29 22:34:48,817 INFO o.LocalThumbnail [main] d:\temp\origin\魅力女神\爱丽\bigthumb\kCBEK80V.jpg==>d:\temp\origin\魅力女神\爱丽\bigthumb\TjyyQ7yr.jpg
2014-12-29 22:34:48,818 INFO o.LocalThumbnail [main] d:\temp\origin\魅力女神\爱丽\bigthumb\n56K3iWq.jpg==>d:\temp\origin\魅力女神\爱丽\bigthumb\g5EqeL20.jpg
2014-12-29 22:34:48,819 INFO o.LocalThumbnail [main] d:\temp\origin\魅力女神\爱丽\bigthumb\NlxhqmlR.jpg==>d:\temp\origin\魅力女神\爱丽\bigthumb\1vWHJ3AR.jpg
2014-12-29 22:34:48,820 INFO o.LocalThumbnail [main] d:\temp\origin\魅力女神\爱丽\bigthumb\OQngqzL8.jpg==>d:\temp\origin\魅力女神\爱丽\bigthumb\IvrMO4Rj.jpg
2014-12-29 22:34:48,821 INFO o.LocalThumbnail [main] d:\temp\origin\魅力女神\爱丽\bigthumb\PR64eIKH.jpg==>d:\temp\origin\魅力女神\爱丽\bigthumb\IPMuJ3y9.jpg
2014-12-29 22:34:48,822 INFO o.LocalThumbnail [main] d:\temp\origin\魅力女神\爱丽\bigthumb\RaMqZpKk.jpg==>d:\temp\origin\魅力女神\爱丽\bigthumb\7MVsxqrM.jpg
2014-12-29 22:34:48,824 INFO o.LocalThumbnail [main] d:\temp\origin\魅力女神\爱丽\bigthumb\TjHgqy9u.jpg==>d:\temp\origin\魅力女神\爱丽\bigthumb\tztCmH7P.jpg
2014-12-29 22:34:48,825 INFO o.LocalThumbnail [main] d:\temp\origin\魅力女神\爱丽\bigthumb\UXPvFztr.jpg==>d:\temp\origin\魅力女神\爱丽\bigthumb\8MVJLL4l.jpg
2014-12-29 22:34:48,826 INFO o.LocalThumbnail [main] d:\temp\origin\魅力女神\爱丽\bigthumb\ZNRkX9k1.jpg==>d:\temp\origin\魅力女神\爱丽\bigthumb\TvCf9pCI.jpg
2014-12-29 22:34:48,827 INFO o.LocalThumbnail [main] d:\temp\origin\魅力女神\爱丽\bigthumb\ZTbbSZwk.jpg==>d:\temp\origin\魅力女神\爱丽\bigthumb\4fNuSt7u.jpg
2014-12-29 22:34:48,828 INFO o.LocalThumbnail [main] d:\temp\origin\魅力女神\爱丽\filterthumb\3Hdx8ETh.jpg==>d:\temp\origin\魅力女神\爱丽\filterthumb\Knv6PfHV.jpg
2014-12-29 22:34:48,829 INFO o.LocalThumbnail [main] d:\temp\origin\魅力女神\爱丽\filterthumb\5rs16xKd.jpg==>d:\temp\origin\魅力女神\爱丽\filterthumb\giH1FHSL.jpg
2014-12-29 22:34:48,830 INFO o.LocalThumbnail [main] d:\temp\origin\魅力女神\爱丽\filterthumb\8F4eCxcH.jpg==>d:\temp\origin\魅力女神\爱丽\filterthumb\zaB4iqMH.jpg
2014-12-29 22:34:48,831 INFO o.LocalThumbnail [main] d:\temp\origin\魅力女神\爱丽\filterthumb\8GNueI1J.jpg==>d:\temp\origin\魅力女神\爱丽\filterthumb\Wymk8JVs.jpg
2014-12-29 22:34:48,832 INFO o.LocalThumbnail [main] d:\temp\origin\魅力女神\爱丽\filterthumb\BkaQvQa3.jpg==>d:\temp\origin\魅力女神\爱丽\filterthumb\IP8OUt5j.jpg
2014-12-29 22:34:48,833 INFO o.LocalThumbnail [main] d:\temp\origin\魅力女神\爱丽\filterthumb\bM4l8HaP.jpg==>d:\temp\origin\魅力女神\爱丽\filterthumb\sq1TiSLq.jpg
2014-12-29 22:34:48,834 INFO o.LocalThumbnail [main] d:\temp\origin\魅力女神\爱丽\filterthumb\emW402th.jpg==>d:\temp\origin\魅力女神\爱丽\filterthumb\C211T3xI.jpg
2014-12-29 22:34:48,835 INFO o.LocalThumbnail [main] d:\temp\origin\魅力女神\爱丽\filterthumb\ErRsBefr.jpg==>d:\temp\origin\魅力女神\爱丽\filterthumb\HF4UByG7.jpg
2014-12-29 22:34:48,836 INFO o.LocalThumbnail [main] d:\temp\origin\魅力女神\爱丽\filterthumb\IeKiCRRz.jpg==>d:\temp\origin\魅力女神\爱丽\filterthumb\ssI676AD.jpg
2014-12-29 22:34:48,838 INFO o.LocalThumbnail [main] d:\temp\origin\魅力女神\爱丽\filterthumb\JsdTP1Aa.jpg==>d:\temp\origin\魅力女神\爱丽\filterthumb\yXMQvD0X.jpg
2014-12-29 22:34:48,839 INFO o.LocalThumbnail [main] d:\temp\origin\魅力女神\爱丽\filterthumb\KzKaNf7w.jpg==>d:\temp\origin\魅力女神\爱丽\filterthumb\n2JjIX0P.jpg
2014-12-29 22:34:48,843 INFO o.LocalThumbnail [main] d:\temp\origin\魅力女神\爱丽\filterthumb\oX5l0uwS.jpg==>d:\temp\origin\魅力女神\爱丽\filterthumb\7vbo7bDO.jpg
2014-12-29 22:34:48,844 INFO o.LocalThumbnail [main] d:\temp\origin\魅力女神\爱丽\filterthumb\PgyxfWxr.jpg==>d:\temp\origin\魅力女神\爱丽\filterthumb\quuAID3w.jpg
2014-12-29 22:34:48,846 INFO o.LocalThumbnail [main] d:\temp\origin\魅力女神\爱丽\filterthumb\rP2SzC0V.jpg==>d:\temp\origin\魅力女神\爱丽\filterthumb\sqmxMB6b.jpg
2014-12-29 22:34:48,848 INFO o.LocalThumbnail [main] d:\temp\origin\魅力女神\爱丽\filterthumb\TLdQ69AR.jpg==>d:\temp\origin\魅力女神\爱丽\filterthumb\FwVGz66h.jpg
2014-12-29 22:34:48,849 INFO o.LocalThumbnail [main] d:\temp\origin\魅力女神\爱丽\filterthumb\TWKZwPgI.jpg==>d:\temp\origin\魅力女神\爱丽\filterthumb\j5rPCmSO.jpg
2014-12-29 22:34:48,850 INFO o.LocalThumbnail [main] d:\temp\origin\魅力女神\爱丽\filterthumb\zaG83rVL.jpg==>d:\temp\origin\魅力女神\爱丽\filterthumb\e26OyILx.jpg
2014-12-29 22:34:48,851 INFO o.LocalThumbnail [main] d:\temp\origin\魅力女神\爱丽\filterthumb\zUVqgtqB.jpg==>d:\temp\origin\魅力女神\爱丽\filterthumb\TAbfKHcG.jpg
2014-12-29 22:34:48,854 INFO o.LocalThumbnail [main] d:\temp\origin\魅力女神\爱丽\original\5Ei2YHyx.jpg==>d:\temp\origin\魅力女神\爱丽\original\s5bz78q5.jpg
2014-12-29 22:34:48,856 INFO o.LocalThumbnail [main] d:\temp\origin\魅力女神\爱丽\original\5QgA0mYn.jpg==>d:\temp\origin\魅力女神\爱丽\original\ewZZW5D0.jpg
2014-12-29 22:34:48,857 INFO o.LocalThumbnail [main] d:\temp\origin\魅力女神\爱丽\original\aw9yc92S.jpg==>d:\temp\origin\魅力女神\爱丽\original\xoQhnpOC.jpg
2014-12-29 22:34:48,858 INFO o.LocalThumbnail [main] d:\temp\origin\魅力女神\爱丽\original\dYL4uPSJ.jpg==>d:\temp\origin\魅力女神\爱丽\original\70jvBfGN.jpg
2014-12-29 22:34:48,860 INFO o.LocalThumbnail [main] d:\temp\origin\魅力女神\爱丽\original\EqXw8ULf.jpg==>d:\temp\origin\魅力女神\爱丽\original\bYR0VPvO.jpg
2014-12-29 22:34:48,861 INFO o.LocalThumbnail [main] d:\temp\origin\魅力女神\爱丽\original\foGzVAtl.jpg==>d:\temp\origin\魅力女神\爱丽\original\XPxah9QG.jpg
2014-12-29 22:34:48,862 INFO o.LocalThumbnail [main] d:\temp\origin\魅力女神\爱丽\original\guA8xllv.jpg==>d:\temp\origin\魅力女神\爱丽\original\oEUH3Xr7.jpg
2014-12-29 22:34:48,863 INFO o.LocalThumbnail [main] d:\temp\origin\魅力女神\爱丽\original\hhYjMwzi.jpg==>d:\temp\origin\魅力女神\爱丽\original\42JvmVF5.jpg
2014-12-29 22:34:48,864 INFO o.LocalThumbnail [main] d:\temp\origin\魅力女神\爱丽\original\iAYqlfQt.jpg==>d:\temp\origin\魅力女神\爱丽\original\RlbY5DPI.jpg
2014-12-29 22:34:48,865 INFO o.LocalThumbnail [main] d:\temp\origin\魅力女神\爱丽\original\JU2UoGLB.jpg==>d:\temp\origin\魅力女神\爱丽\original\dC17xijI.jpg
2014-12-29 22:34:48,867 INFO o.LocalThumbnail [main] d:\temp\origin\魅力女神\爱丽\original\JVfQ6Sn9.jpg==>d:\temp\origin\魅力女神\爱丽\original\Yiedm30V.jpg
2014-12-29 22:34:48,868 INFO o.LocalThumbnail [main] d:\temp\origin\魅力女神\爱丽\original\K3XWbbta.jpg==>d:\temp\origin\魅力女神\爱丽\original\O4HbTvXa.jpg
2014-12-29 22:34:48,869 INFO o.LocalThumbnail [main] d:\temp\origin\魅力女神\爱丽\original\Mb58zPmd.jpg==>d:\temp\origin\魅力女神\爱丽\original\PQiK9nh1.jpg
2014-12-29 22:34:48,870 INFO o.LocalThumbnail [main] d:\temp\origin\魅力女神\爱丽\original\n6X0NapX.jpg==>d:\temp\origin\魅力女神\爱丽\original\dsXdilbY.jpg
2014-12-29 22:34:48,871 INFO o.LocalThumbnail [main] d:\temp\origin\魅力女神\爱丽\original\PuhFDhGS.jpg==>d:\temp\origin\魅力女神\爱丽\original\cjIjaoB1.jpg
2014-12-29 22:34:48,872 INFO o.LocalThumbnail [main] d:\temp\origin\魅力女神\爱丽\original\SwMO45Sh.jpg==>d:\temp\origin\魅力女神\爱丽\original\L3iqi6r8.jpg
2014-12-29 22:34:48,873 INFO o.LocalThumbnail [main] d:\temp\origin\魅力女神\爱丽\original\TIMyezdT.jpg==>d:\temp\origin\魅力女神\爱丽\original\ss3taEN9.jpg
2014-12-29 22:34:48,874 INFO o.LocalThumbnail [main] d:\temp\origin\魅力女神\爱丽\original\Z1o6nFQq.jpg==>d:\temp\origin\魅力女神\爱丽\original\jrjWipqJ.jpg
2014-12-29 22:34:48,875 INFO o.LocalThumbnail [main] d:\temp\origin\魅力女神\爱丽\smallthumb\4WM5qlSl.jpg==>d:\temp\origin\魅力女神\爱丽\smallthumb\wezKmIPa.jpg
2014-12-29 22:34:48,876 INFO o.LocalThumbnail [main] d:\temp\origin\魅力女神\爱丽\smallthumb\5Y19Utke.jpg==>d:\temp\origin\魅力女神\爱丽\smallthumb\LBlUNZ8s.jpg
2014-12-29 22:34:48,877 INFO o.LocalThumbnail [main] d:\temp\origin\魅力女神\爱丽\smallthumb\9NCSWR74.jpg==>d:\temp\origin\魅力女神\爱丽\smallthumb\AxiH3UDU.jpg
2014-12-29 22:34:48,878 INFO o.LocalThumbnail [main] d:\temp\origin\魅力女神\爱丽\smallthumb\9vgLk9iH.jpg==>d:\temp\origin\魅力女神\爱丽\smallthumb\KxbME71m.jpg
2014-12-29 22:34:48,879 INFO o.LocalThumbnail [main] d:\temp\origin\魅力女神\爱丽\smallthumb\a7AP4lGr.jpg==>d:\temp\origin\魅力女神\爱丽\smallthumb\k6IgPNZx.jpg
2014-12-29 22:34:48,880 INFO o.LocalThumbnail [main] d:\temp\origin\魅力女神\爱丽\smallthumb\ADjnjhNs.jpg==>d:\temp\origin\魅力女神\爱丽\smallthumb\UhPjvxdC.jpg
2014-12-29 22:34:48,881 INFO o.LocalThumbnail [main] d:\temp\origin\魅力女神\爱丽\smallthumb\DauEDIiP.jpg==>d:\temp\origin\魅力女神\爱丽\smallthumb\iAhhqlzf.jpg
2014-12-29 22:34:48,882 INFO o.LocalThumbnail [main] d:\temp\origin\魅力女神\爱丽\smallthumb\goRD4N20.jpg==>d:\temp\origin\魅力女神\爱丽\smallthumb\mStOeIFT.jpg
2014-12-29 22:34:48,883 INFO o.LocalThumbnail [main] d:\temp\origin\魅力女神\爱丽\smallthumb\HL02B4b1.jpg==>d:\temp\origin\魅力女神\爱丽\smallthumb\1U4eWKOc.jpg
2014-12-29 22:34:48,884 INFO o.LocalThumbnail [main] d:\temp\origin\魅力女神\爱丽\smallthumb\jPF1z1HP.jpg==>d:\temp\origin\魅力女神\爱丽\smallthumb\DZbTAaJ2.jpg
2014-12-29 22:34:48,885 INFO o.LocalThumbnail [main] d:\temp\origin\魅力女神\爱丽\smallthumb\n8GjShwa.jpg==>d:\temp\origin\魅力女神\爱丽\smallthumb\JVkRnJQN.jpg
2014-12-29 22:34:48,886 INFO o.LocalThumbnail [main] d:\temp\origin\魅力女神\爱丽\smallthumb\TbnYp7yN.jpg==>d:\temp\origin\魅力女神\爱丽\smallthumb\7ov9MlSz.jpg
2014-12-29 22:34:48,887 INFO o.LocalThumbnail [main] d:\temp\origin\魅力女神\爱丽\smallthumb\tyjdxgBf.jpg==>d:\temp\origin\魅力女神\爱丽\smallthumb\S5BGWSMQ.jpg
2014-12-29 22:34:48,888 INFO o.LocalThumbnail [main] d:\temp\origin\魅力女神\爱丽\smallthumb\U9SXnafU.jpg==>d:\temp\origin\魅力女神\爱丽\smallthumb\jyQ6u4zo.jpg
2014-12-29 22:34:48,889 INFO o.LocalThumbnail [main] d:\temp\origin\魅力女神\爱丽\smallthumb\UOzXoiLu.jpg==>d:\temp\origin\魅力女神\爱丽\smallthumb\HZ8UUpeV.jpg
2014-12-29 22:34:48,890 INFO o.LocalThumbnail [main] d:\temp\origin\魅力女神\爱丽\smallthumb\vyvxsST0.jpg==>d:\temp\origin\魅力女神\爱丽\smallthumb\JGs4J03w.jpg
2014-12-29 22:34:48,891 INFO o.LocalThumbnail [main] d:\temp\origin\魅力女神\爱丽\smallthumb\W7a5Ey6H.jpg==>d:\temp\origin\魅力女神\爱丽\smallthumb\FBtGLyW4.jpg
2014-12-29 22:34:48,892 INFO o.LocalThumbnail [main] d:\temp\origin\魅力女神\爱丽\smallthumb\zrSeBlMn.jpg==>d:\temp\origin\魅力女神\爱丽\smallthumb\NcxdCZu4.jpg
